<?xml version="1.0" encoding="UTF-8"?>
<!-- Generated by org.testng.reporters.JUnitReportReporter -->
<testsuite hostname="Lenovo-KunalPC" failures="0" tests="1" name="tests.AdminTest" time="11.469" errors="0" timestamp="2025-08-18T08:39:39 IST" skipped="0">
  <testcase classname="tests.AdminTest" name="verifyAdddUserFun" time="11.469">
    <system-out>
      <![CDATA[Admin tab clicked successfully.
Add Button clicked Successfully.]]>
    </system-out>
  </testcase> <!-- verifyAdddUserFun -->
  <system-out>
    <![CDATA[User name entered successfully. Admin
Password entered successfully. admin123
Login clicked successfully 
Home page is visible successfullytrue
Admin tab clicked successfully.
Add Button clicked Successfully.
Clicked on profile icon
Clicked on logout link.
Text visible successfully-->Login
Login Page Displayed-------------->]]>
  </system-out>
</testsuite> <!-- tests.AdminTest -->
