<?xml version="1.0" encoding="UTF-8"?>
<!-- Generated by org.testng.reporters.JUnitReportReporter -->
<testsuite hostname="Lenovo-KunalPC" failures="0" tests="4" name="testNGExamples.HRMLoginDataProvider2" time="29.054" errors="0" timestamp="2025-08-09T02:56:59 IST" skipped="0">
  <testcase classname="testNGExamples.HRMLoginDataProvider2" name="verifyLoginFunwithInvalidpassword" time="7.572"/>
  <testcase classname="testNGExamples.HRMLoginDataProvider2" name="verifyLoginFunwithInvalidpassword" time="6.739"/>
  <testcase classname="testNGExamples.HRMLoginDataProvider2" name="verifyLoginFunwithInvalidpassword" time="6.821"/>
  <testcase classname="testNGExamples.HRMLoginDataProvider2" name="verifyLoginFunwithInvalidpassword" time="7.922"/>
</testsuite> <!-- testNGExamples.HRMLoginDataProvider2 -->
