<?xml version="1.0" encoding="UTF-8"?>
<!-- Generated by org.testng.reporters.JUnitReportReporter -->
<testsuite hostname="Lenovo-KunalPC" failures="0" tests="1" name="testNGExamples.LaunchFlipkartFun" time="9.282" errors="0" timestamp="2025-08-17T15:35:01 IST" skipped="0">
  <testcase classname="testNGExamples.LaunchFlipkartFun" name="searchProductFun" time="9.282"/>
  <system-out>
    <![CDATA[open Browser With Login
Login Page Displayed Successfully. -------> Login
Login Page Displayed Successfully. -------> true
Username Entered Successfully. -------> Admin
Password Entered Successfully. -------> admin123
Click On Login Successfully. -------> admin123
Dashobard Page Displayed Successfully. ------> Dashboard
Dashobard Page Displayed Successfully. ------> true
Current Page URL: ------> https://opensource-demo.orangehrmlive.com/web/index.php/dashboard/index
Current Page Title: ------> OrangeHRM
AdminTab clicked successfully------------> 
AdminPage Get Text Verify Displayed Successfully.Admin
AdminPage Boolean Verify Displayed successfully------------> true
Add Button Clicked Successfully.
Clicked On Select User Role Dropdown.
AdminUser Role Selected Successfully ------> Admin
Clicked On Status Dropdown
EnabledStatus Selected Successfully----> Enabled
Select All Text----> 
Remove All Text 
Type Employee Name ----> a
Employee Name Entered Successfully From List ----> a
Select All Text----> 
Remove All Text----> 
Username Entered Successfully----> kunal187
Select All Text----> 
Remove All Text----> 
Password Entered Successfully----> Kunal@123
Select All Text----> 
Remove All Text----> 
Confirm Password Entered Successfully----> Kunal@123
Click On Save Button Successfully.]]>
  </system-out>
</testsuite> <!-- testNGExamples.LaunchFlipkartFun -->
