<?xml version="1.0" encoding="UTF-8"?>
<!-- Generated by org.testng.reporters.JUnitReportReporter -->
<testsuite hostname="Lenovo-KunalPC" failures="0" tests="13" name="testNGExamples.DataProviderExample1" time="0.144" errors="0" timestamp="2025-08-09T02:19:32 IST" skipped="0">
  <testcase classname="testNGExamples.DataProviderExample1" name="verifyLoginFunctionality" time="0.007"/>
  <testcase classname="testNGExamples.DataProviderExample1" name="verifyAdminRegistration" time="0.007"/>
  <testcase classname="testNGExamples.DataProviderExample1" name="test2" time="0.007"/>
  <testcase classname="testNGExamples.DataProviderExample1" name="test2" time="0.007"/>
  <testcase classname="testNGExamples.DataProviderExample1" name="verifyAdminRegistration" time="0.006"/>
  <testcase classname="testNGExamples.DataProviderExample1" name="verifyLoginFunctionality" time="0.003"/>
  <testcase classname="testNGExamples.DataProviderExample1" name="test2" time="0.006"/>
  <testcase classname="testNGExamples.DataProviderExample1" name="verifyAdminRegistration" time="0.041"/>
  <testcase classname="testNGExamples.DataProviderExample1" name="verifyLoginFunctionality" time="0.008"/>
  <testcase classname="testNGExamples.DataProviderExample1" name="test2" time="0.019"/>
  <testcase classname="testNGExamples.DataProviderExample1" name="test2" time="0.008"/>
  <testcase classname="testNGExamples.DataProviderExample1" name="verifyLoginFunctionality" time="0.007"/>
  <testcase classname="testNGExamples.DataProviderExample1" name="verifyLoginFunctionality" time="0.018"/>
</testsuite> <!-- testNGExamples.DataProviderExample1 -->
