<?xml version="1.0" encoding="UTF-8"?>
<!-- Generated by org.testng.reporters.JUnitReportReporter -->
<testsuite hostname="Lenovo-KunalPC" failures="0" tests="1" name="testNGExamples.TestLogin" time="6.629" errors="0" timestamp="2025-08-16T13:48:49 IST" skipped="0">
  <testcase classname="testNGExamples.TestLogin" name="verifyLoginFunctionality" time="6.629"/>
</testsuite> <!-- testNGExamples.TestLogin -->
