<?xml version="1.0" encoding="UTF-8"?>
<!-- Generated by org.testng.reporters.JUnitReportReporter -->
<testsuite hostname="DESKTOP-NHV86RI" failures="0" tests="10" name="testNGExamples.HRMPIM_CURD_27" time="91.403" errors="1" timestamp="2025-08-06T17:54:05 IST" skipped="0">
  <testcase classname="testNGExamples.HRMPIM_CURD_27" name="clickOnPIMLeftPanel" time="1.533">
    <system-out>
      <![CDATA[PIMTab clicked successfully------------> 
PIMPage Get Text Verify Displayed Successfully.PIM
PIMPage Boolean Verify Displayed successfully------------> true]]>
    </system-out>
  </testcase> <!-- clickOnPIMLeftPanel -->
  <testcase classname="testNGExamples.HRMPIM_CURD_27" name="clickOnLeftPanelTab" time="2.868"/>
  <testcase classname="testNGExamples.HRMPIM_CURD_27" name="clickOnAddButton" time="2.580">
    <system-out>
      <![CDATA[Add Button Clicked Successfully.]]>
    </system-out>
  </testcase> <!-- clickOnAddButton -->
  <testcase classname="testNGExamples.HRMPIM_CURD_27" name="enterEmployeeDetails" time="27.904">
    <system-out>
      <![CDATA[Enter First Name
Enter Last Name
Click On Toogle Button
Select All Text----> 
Remove All Text----> 
Username Entered Successfully----> kunal187
Select All Text----> 
Remove All Text----> 
Password Entered Successfully----> Kunal@123
Select All Text----> 
Remove All Text----> 
Confirm Password Entered Successfully----> Kunal@123
Click On Save Button Successfully.]]>
    </system-out>
  </testcase> <!-- enterEmployeeDetails -->
  <testcase classname="testNGExamples.HRMPIM_CURD_27" name="navigateToPIMDashboard" time="3.490"/>
  <testcase classname="testNGExamples.HRMPIM_CURD_27" name="searchUserName" time="17.454">
    <system-out>
      <![CDATA[Element is clickable.
Select All Text----> 
Remove All Text 
Type Employee Name ----> Kunal Sharma
Employee Name Entered Successfully From List ----> Kunal Sharma
Enter Username In Search Field Successfully.----> Kunal Sharma
Click On Search Button Successfully.
Number of records found in the list. -----> (1) Record Found
User Name Found in Records -----> ]]>
    </system-out>
  </testcase> <!-- searchUserName -->
  <testcase classname="testNGExamples.HRMPIM_CURD_27" name="clickOnEditIcon" time="10.767">
    <error message="no such element: Unable to locate element: {&quot;method&quot;:&quot;xpath&quot;,&quot;selector&quot;:&quot;//span[text()=&#039;Indian&#039;]&quot;}
  (Session info: chrome=138.0.7204.184)
For documentation on this error, please visit: https://www.selenium.dev/documentation/webdriver/troubleshooting/errors#no-such-element-exception
Build info: version: &#039;4.34.0&#039;, revision: &#039;2a4c61c498&#039;
System info: os.name: &#039;Windows 11&#039;, os.arch: &#039;amd64&#039;, os.version: &#039;10.0&#039;, java.version: &#039;24.0.2&#039;
Driver info: org.openqa.selenium.chrome.ChromeDriver
Command: [ed8a3b0e009d40955bc4faa7016ed98a, findElement {using=xpath, value=//span[text()=&#039;Indian&#039;]}]
Capabilities {acceptInsecureCerts: false, browserName: chrome, browserVersion: 138.0.7204.184, chrome: {chromedriverVersion: 138.0.7204.183 (e90faf484dd..., userDataDir: C:\Users\DELL\AppData\Local...}, fedcm:accounts: true, goog:chromeOptions: {debuggerAddress: localhost:50813}, networkConnectionEnabled: false, pageLoadStrategy: normal, platformName: windows, proxy: Proxy(), se:cdp: ws://localhost:50813/devtoo..., se:cdpVersion: 138.0.7204.184, setWindowRect: true, strictFileInteractability: false, timeouts: {implicit: 0, pageLoad: 300000, script: 30000}, unhandledPromptBehavior: dismiss and notify, webauthn:extension:credBlob: true, webauthn:extension:largeBlob: true, webauthn:extension:minPinLength: true, webauthn:extension:prf: true, webauthn:virtualAuthenticators: true}
Session ID: ed8a3b0e009d40955bc4faa7016ed98a" type="org.openqa.selenium.NoSuchElementException">
      <![CDATA[org.openqa.selenium.NoSuchElementException: no such element: Unable to locate element: {"method":"xpath","selector":"//span[text()='Indian']"}
  (Session info: chrome=138.0.7204.184)
For documentation on this error, please visit: https://www.selenium.dev/documentation/webdriver/troubleshooting/errors#no-such-element-exception
Build info: version: '4.34.0', revision: '2a4c61c498'
System info: os.name: 'Windows 11', os.arch: 'amd64', os.version: '10.0', java.version: '24.0.2'
Driver info: org.openqa.selenium.chrome.ChromeDriver
Command: [ed8a3b0e009d40955bc4faa7016ed98a, findElement {using=xpath, value=//span[text()='Indian']}]
Capabilities {acceptInsecureCerts: false, browserName: chrome, browserVersion: 138.0.7204.184, chrome: {chromedriverVersion: 138.0.7204.183 (e90faf484dd..., userDataDir: C:\Users\DELL\AppData\Local...}, fedcm:accounts: true, goog:chromeOptions: {debuggerAddress: localhost:50813}, networkConnectionEnabled: false, pageLoadStrategy: normal, platformName: windows, proxy: Proxy(), se:cdp: ws://localhost:50813/devtoo..., se:cdpVersion: 138.0.7204.184, setWindowRect: true, strictFileInteractability: false, timeouts: {implicit: 0, pageLoad: 300000, script: 30000}, unhandledPromptBehavior: dismiss and notify, webauthn:extension:credBlob: true, webauthn:extension:largeBlob: true, webauthn:extension:minPinLength: true, webauthn:extension:prf: true, webauthn:virtualAuthenticators: true}
Session ID: ed8a3b0e009d40955bc4faa7016ed98a
at java.base/jdk.internal.reflect.DirectConstructorHandleAccessor.newInstance(DirectConstructorHandleAccessor.java:62)
at java.base/java.lang.reflect.Constructor.newInstanceWithCaller(Constructor.java:499)
at java.base/java.lang.reflect.Constructor.newInstance(Constructor.java:483)
at org.openqa.selenium.remote.ErrorCodec.decode(ErrorCodec.java:167)
at org.openqa.selenium.remote.codec.w3c.W3CHttpResponseCodec.decode(W3CHttpResponseCodec.java:138)
at org.openqa.selenium.remote.codec.w3c.W3CHttpResponseCodec.decode(W3CHttpResponseCodec.java:50)
at org.openqa.selenium.remote.HttpCommandExecutor.execute(HttpCommandExecutor.java:215)
at org.openqa.selenium.remote.service.DriverCommandExecutor.invokeExecute(DriverCommandExecutor.java:216)
at org.openqa.selenium.remote.service.DriverCommandExecutor.execute(DriverCommandExecutor.java:174)
at org.openqa.selenium.remote.RemoteWebDriver.execute(RemoteWebDriver.java:544)
at org.openqa.selenium.remote.ElementLocation$ElementFinder$2.findElement(ElementLocation.java:165)
at org.openqa.selenium.remote.ElementLocation.findElement(ElementLocation.java:59)
at org.openqa.selenium.remote.RemoteWebDriver.findElement(RemoteWebDriver.java:367)
at org.openqa.selenium.remote.RemoteWebDriver.findElement(RemoteWebDriver.java:361)
at testNGExamples.HRMPIM_CURD_27.clickOnEditIcon(HRMPIM_CURD_27.java:288)
at java.base/jdk.internal.reflect.DirectMethodHandleAccessor.invoke(DirectMethodHandleAccessor.java:104)
at java.base/java.lang.reflect.Method.invoke(Method.java:565)
at org.testng.internal.invokers.MethodInvocationHelper.invokeMethod(MethodInvocationHelper.java:141)
at org.testng.internal.invokers.TestInvoker.invokeMethod(TestInvoker.java:687)
at org.testng.internal.invokers.TestInvoker.invokeTestMethod(TestInvoker.java:230)
at org.testng.internal.invokers.MethodRunner.runInSequence(MethodRunner.java:63)
at org.testng.internal.invokers.TestInvoker$MethodInvocationAgent.invoke(TestInvoker.java:995)
at org.testng.internal.invokers.TestInvoker.invokeTestMethods(TestInvoker.java:203)
at org.testng.internal.invokers.TestMethodWorker.invokeTestMethods(TestMethodWorker.java:154)
at org.testng.internal.invokers.TestMethodWorker.run(TestMethodWorker.java:134)
at java.base/java.util.ArrayList.forEach(ArrayList.java:1604)
at org.testng.TestRunner.privateRun(TestRunner.java:741)
at org.testng.TestRunner.run(TestRunner.java:616)
at org.testng.SuiteRunner.runTest(SuiteRunner.java:421)
at org.testng.SuiteRunner.runSequentially(SuiteRunner.java:413)
at org.testng.SuiteRunner.privateRun(SuiteRunner.java:373)
at org.testng.SuiteRunner.run(SuiteRunner.java:312)
at org.testng.SuiteRunnerWorker.runSuite(SuiteRunnerWorker.java:52)
at org.testng.SuiteRunnerWorker.run(SuiteRunnerWorker.java:95)
at org.testng.TestNG.runSuitesSequentially(TestNG.java:1274)
at org.testng.TestNG.runSuitesLocally(TestNG.java:1208)
at org.testng.TestNG.runSuites(TestNG.java:1112)
at org.testng.TestNG.run(TestNG.java:1079)
at org.testng.remote.AbstractRemoteTestNG.run(AbstractRemoteTestNG.java:115)
at org.testng.remote.RemoteTestNG.initAndRun(RemoteTestNG.java:293)
at org.testng.remote.RemoteTestNG.main(RemoteTestNG.java:91)
]]>
    </error>
    <system-out>
      <![CDATA[Edit icon clicked Successfully.
Edit icon clicked Successfully.
Clicked On Nationality Dropdown]]>
    </system-out>
  </testcase> <!-- clickOnEditIcon -->
  <testcase classname="testNGExamples.HRMPIM_CURD_27" name="navigateToPIMDashboard2" time="4.269"/>
  <testcase classname="testNGExamples.HRMPIM_CURD_27" name="clickOnDeleteIcon" time="8.255">
    <system-out>
      <![CDATA[Delete icon clicked Successfully
clicked on yes button.
User is deleted Successfully--------------->true
User is deleted Successfully--------------->true]]>
    </system-out>
  </testcase> <!-- clickOnDeleteIcon -->
  <testcase classname="testNGExamples.HRMPIM_CURD_27" name="searchUserName_2" time="12.283">
    <system-out>
      <![CDATA[Element is clickable.
Select All Text----> 
Remove All Text 
Type Employee Name ----> Kunal Sharma
Employee Name Entered Successfully From List ----> Kunal Sharma
Enter Username In Search Field Successfully.----> Kunal Sharma]]>
    </system-out>
  </testcase> <!-- searchUserName_2 -->
  <system-out>
    <![CDATA[open Browser With Login
Login Page Displayed Successfully. -------> Login
Login Page Displayed Successfully. -------> true
Username Entered Successfully. -------> Admin
Password Entered Successfully. -------> admin123
Click On Login Successfully. -------> admin123
Dashobard Page Displayed Successfully. ------> Dashboard
Dashobard Page Displayed Successfully. ------> true
Current Page URL: ------> https://opensource-demo.orangehrmlive.com/web/index.php/dashboard/index
Current Page Title: ------> OrangeHRM
PIMTab clicked successfully------------> 
PIMPage Get Text Verify Displayed Successfully.PIM
PIMPage Boolean Verify Displayed successfully------------> true
Add Button Clicked Successfully.
Enter First Name
Enter Last Name
Click On Toogle Button
Select All Text----> 
Remove All Text----> 
Username Entered Successfully----> kunal187
Select All Text----> 
Remove All Text----> 
Password Entered Successfully----> Kunal@123
Select All Text----> 
Remove All Text----> 
Confirm Password Entered Successfully----> Kunal@123
Click On Save Button Successfully.
Element is clickable.
Select All Text----> 
Remove All Text 
Type Employee Name ----> Kunal Sharma
Employee Name Entered Successfully From List ----> Kunal Sharma
Enter Username In Search Field Successfully.----> Kunal Sharma
Click On Search Button Successfully.
Number of records found in the list. -----> (1) Record Found
User Name Found in Records -----> 
Edit icon clicked Successfully.
Edit icon clicked Successfully.
Clicked On Nationality Dropdown
Delete icon clicked Successfully
clicked on yes button.
User is deleted Successfully--------------->true
User is deleted Successfully--------------->true
Element is clickable.
Select All Text----> 
Remove All Text 
Type Employee Name ----> Kunal Sharma
Employee Name Entered Successfully From List ----> Kunal Sharma
Enter Username In Search Field Successfully.----> Kunal Sharma
Clicked on profile icon
Clicked on logout link.
Login Page Displayed-------------->true
Browser Closed successfully.]]>
  </system-out>
</testsuite> <!-- testNGExamples.HRMPIM_CURD_27 -->
