<?xml version="1.0" encoding="UTF-8"?>
<!-- Generated by org.testng.reporters.JUnitReportReporter -->
<testsuite hostname="Lenovo-KunalPC" failures="0" tests="1" name="tests.AdminTest" time="10.375" errors="0" timestamp="2025-08-15T22:08:07 IST" skipped="0">
  <testcase classname="tests.AdminTest" name="verifyAdddUserFun" time="10.375">
    <system-out>
      <![CDATA[Admin clicked successfully--> 
Admin Page visible successfully--> true
Click on add button successfully.]]>
    </system-out>
  </testcase> <!-- verifyAdddUserFun -->
  <system-out>
    <![CDATA[User name entered successfully. Admin
Password entered successfully. admin123
Login clicked successfully 
Home page isible successfullytrue
Admin clicked successfully--> 
Admin Page visible successfully--> true
Click on add button successfully.
Clicked on profile icon
Clicked on logout link.
Login Page Displayed-------------->true]]>
  </system-out>
</testsuite> <!-- tests.AdminTest -->
