<?xml version="1.0" encoding="UTF-8"?>
<!-- Generated by org.testng.reporters.JUnitReportReporter -->
<testsuite hostname="Lenovo-KunalPC" failures="0" tests="2" name="testNGExamples.RetryExample2" time="0.033" errors="0" timestamp="2025-08-11T14:48:02 IST" skipped="1">
  <testcase classname="testNGExamples.RetryExample2" name="fverifyLoginFunctionality" time="0.012"/>
  <testcase classname="testNGExamples.RetryExample2" name="fverifyLoginFunctionality" time="0.021">
    <skipped/>
  </testcase> <!-- fverifyLoginFunctionality -->
</testsuite> <!-- testNGExamples.RetryExample2 -->
