<?xml version="1.0" encoding="UTF-8"?>
<!-- Generated by org.testng.reporters.JUnitReportReporter -->
<testsuite hostname="Lenovo-KunalPC" failures="0" tests="23" name="testNGExamples.HRMAdmin_CURD_26" time="126.492" errors="0" timestamp="2025-08-01T19:07:25 IST" skipped="0">
  <testcase classname="testNGExamples.HRMAdmin_CURD_26" name="clickOnAdminLeftPanel" time="1.705">
    <system-out>
      <![CDATA[AdminTab clicked successfully------------> Admin
AdminPage Boolean Verify Displayed successfully------------> true]]>
    </system-out>
  </testcase> <!-- clickOnAdminLeftPanel -->
  <testcase classname="testNGExamples.HRMAdmin_CURD_26" name="clickOnAddButton" time="1.569">
    <system-out>
      <![CDATA[[[ChromeDriver: chrome on windows (ece0521cf83cac67dbcd472fd73a2674)] -> xpath: //button[text()=' Add ']]Add Button Clicked Successfully.[[ChromeDriver: chrome on windows (ece0521cf83cac67dbcd472fd73a2674)] -> xpath: //button[text()=' Add ']]]]>
    </system-out>
  </testcase> <!-- clickOnAddButton -->
  <testcase classname="testNGExamples.HRMAdmin_CURD_26" name="selectUserRoleDD" time="4.283">
    <system-out>
      <![CDATA[Clicked On Select User Role Dropdown.]]>
    </system-out>
  </testcase> <!-- selectUserRoleDD -->
  <testcase classname="testNGExamples.HRMAdmin_CURD_26" name="selectStatusDD" time="4.327"/>
  <testcase classname="testNGExamples.HRMAdmin_CURD_26" name="selectEmployeeName" time="8.467"/>
  <testcase classname="testNGExamples.HRMAdmin_CURD_26" name="enterUsername1" time="6.329"/>
  <testcase classname="testNGExamples.HRMAdmin_CURD_26" name="enterPassword1" time="6.306"/>
  <testcase classname="testNGExamples.HRMAdmin_CURD_26" name="enterConfirmPassword" time="6.355"/>
  <testcase classname="testNGExamples.HRMAdmin_CURD_26" name="clickOnSaveButton" time="5.134"/>
  <testcase classname="testNGExamples.HRMAdmin_CURD_26" name="searchUserName" time="4.233"/>
  <testcase classname="testNGExamples.HRMAdmin_CURD_26" name="clickOnSearchButton" time="8.274"/>
  <testcase classname="testNGExamples.HRMAdmin_CURD_26" name="clickOnEditIcon" time="4.639"/>
  <testcase classname="testNGExamples.HRMAdmin_CURD_26" name="selectUserRoleDD_2" time="4.310">
    <system-out>
      <![CDATA[Clicked On Select User Role Dropdown.]]>
    </system-out>
  </testcase> <!-- selectUserRoleDD_2 -->
  <testcase classname="testNGExamples.HRMAdmin_CURD_26" name="selectStatusDD_2" time="4.268"/>
  <testcase classname="testNGExamples.HRMAdmin_CURD_26" name="selectEmployeeName_2" time="8.501"/>
  <testcase classname="testNGExamples.HRMAdmin_CURD_26" name="enterUsername_2" time="6.320"/>
  <testcase classname="testNGExamples.HRMAdmin_CURD_26" name="clickOnCheckBox" time="2.137"/>
  <testcase classname="testNGExamples.HRMAdmin_CURD_26" name="enterPassword_2" time="6.306"/>
  <testcase classname="testNGExamples.HRMAdmin_CURD_26" name="enterConfirmPassword_2" time="6.370"/>
  <testcase classname="testNGExamples.HRMAdmin_CURD_26" name="clickOnSaveButton_2" time="5.145"/>
  <testcase classname="testNGExamples.HRMAdmin_CURD_26" name="searchUserName_2" time="4.713"/>
  <testcase classname="testNGExamples.HRMAdmin_CURD_26" name="clickOnSearchButton_2" time="8.315"/>
  <testcase classname="testNGExamples.HRMAdmin_CURD_26" name="clickOnDeleteIcon" time="8.486"/>
  <system-out>
    <![CDATA[open Browser With Login
Login Page Displayed Successfully. -------> Login
Login Page Displayed Successfully. -------> true
Username Entered Successfully. -------> Admin
Password Entered Successfully. -------> admin123
Click On Login Successfully. -------> admin123
Dashobard Page Displayed Successfully. ------> Dashboard
Dashobard Page Displayed Successfully. ------> true
Current Page URL: ------> https://opensource-demo.orangehrmlive.com/web/index.php/dashboard/index
Current Page Title: ------> OrangeHRM
AdminTab clicked successfully------------> Admin
AdminPage Boolean Verify Displayed successfully------------> true
[[ChromeDriver: chrome on windows (ece0521cf83cac67dbcd472fd73a2674)] -> xpath: //button[text()=' Add ']]Add Button Clicked Successfully.[[ChromeDriver: chrome on windows (ece0521cf83cac67dbcd472fd73a2674)] -> xpath: //button[text()=' Add ']]
Clicked On Select User Role Dropdown.
Clicked On Select User Role Dropdown.
Clicked on profile icon
Clicked on logout link.
Login Page Displayed-------------->true
Browser Closed successfully.]]>
  </system-out>
</testsuite> <!-- testNGExamples.HRMAdmin_CURD_26 -->
