<?xml version="1.0" encoding="UTF-8"?>
<!-- Generated by org.testng.reporters.JUnitReportReporter -->
<testsuite hostname="Lenovo-KunalPC" failures="0" tests="2" name="testNGExamples.TestNGFlow18" time="0.031" errors="0" timestamp="2025-07-29T07:03:49 IST" skipped="0">
  <testcase classname="testNGExamples.TestNGFlow18" name="testcase1" time="0.015"/>
  <testcase classname="testNGExamples.TestNGFlow18" name="testcase2" time="0.016"/>
</testsuite> <!-- testNGExamples.TestNGFlow18 -->
