<?xml version="1.0" encoding="UTF-8"?>
<!-- Generated by org.testng.reporters.JUnitReportReporter -->
<testsuite hostname="Lenovo-KunalPC" failures="0" tests="4" name="testNGExamples.HRMLoginDataProvider" time="29.513" errors="0" timestamp="2025-08-09T02:40:33 IST" skipped="0">
  <testcase classname="testNGExamples.HRMLoginDataProvider" name="verifyLoginFunwithInvalidpassword" time="7.998"/>
  <testcase classname="testNGExamples.HRMLoginDataProvider" name="verifyLoginFunwithInvaliUsername" time="6.740"/>
  <testcase classname="testNGExamples.HRMLoginDataProvider" name="verifyLoginFunwithInvaliUsernameInvalidPassowrd" time="6.751"/>
  <testcase classname="testNGExamples.HRMLoginDataProvider" name="verifyLoginFun" time="8.024"/>
</testsuite> <!-- testNGExamples.HRMLoginDataProvider -->
