<?xml version="1.0" encoding="UTF-8"?>
<!-- Generated by org.testng.reporters.JUnitReportReporter -->
<testsuite hostname="Lenovo-KunalPC" failures="0" tests="5" name="tests.LeftPanelTest" time="9.856" errors="1" timestamp="2025-08-16T12:47:05 IST" skipped="4">
  <testcase classname="tests.LeftPanelTest" name="openBrowserWithLogin" time="9.855">
    <error message="Unresolved compilation problem: 
	Implicit super constructor SafeActions() is undefined for default constructor. Must define an explicit constructor
" type="java.lang.Error">
      <![CDATA[java.lang.Error: Unresolved compilation problem: 
Implicit super constructor SafeActions() is undefined for default constructor. Must define an explicit constructor

at pages.LoginPage.<init>(LoginPage.java:11)
at common.BaseSetup.openBrowserWithLogin(BaseSetup.java:66)
at java.base/jdk.internal.reflect.DirectMethodHandleAccessor.invoke(DirectMethodHandleAccessor.java:103)
at java.base/java.lang.reflect.Method.invoke(Method.java:580)
at org.testng.internal.invokers.MethodInvocationHelper.invokeMethod(MethodInvocationHelper.java:141)
at org.testng.internal.invokers.MethodInvocationHelper.invokeMethodConsideringTimeout(MethodInvocationHelper.java:71)
at org.testng.internal.invokers.ConfigInvoker.invokeConfigurationMethod(ConfigInvoker.java:400)
at org.testng.internal.invokers.ConfigInvoker.invokeConfigurations(ConfigInvoker.java:333)
at org.testng.SuiteRunner.privateRun(SuiteRunner.java:358)
at org.testng.SuiteRunner.run(SuiteRunner.java:312)
at org.testng.SuiteRunnerWorker.runSuite(SuiteRunnerWorker.java:52)
at org.testng.SuiteRunnerWorker.run(SuiteRunnerWorker.java:95)
at org.testng.TestNG.runSuitesSequentially(TestNG.java:1274)
at org.testng.TestNG.runSuitesLocally(TestNG.java:1208)
at org.testng.TestNG.runSuites(TestNG.java:1112)
at org.testng.TestNG.run(TestNG.java:1079)
at org.testng.remote.AbstractRemoteTestNG.run(AbstractRemoteTestNG.java:115)
at org.testng.remote.RemoteTestNG.initAndRun(RemoteTestNG.java:293)
at org.testng.remote.RemoteTestNG.main(RemoteTestNG.java:91)
]]>
    </error>
  </testcase> <!-- openBrowserWithLogin -->
  <testcase classname="tests.LeftPanelTest" name="verifyAdminPageVisiblity" time="0.001">
    <skipped/>
  </testcase> <!-- verifyAdminPageVisiblity -->
  <testcase classname="tests.LeftPanelTest" name="verifyPIMPageVisiblity" time="0.000">
    <skipped/>
  </testcase> <!-- verifyPIMPageVisiblity -->
  <testcase classname="tests.LeftPanelTest" name="verifyLeavePageVisiblity" time="0.000">
    <skipped/>
  </testcase> <!-- verifyLeavePageVisiblity -->
  <testcase classname="tests.LeftPanelTest" name="verifyTimePageVisiblity" time="0.000">
    <skipped/>
  </testcase> <!-- verifyTimePageVisiblity -->
</testsuite> <!-- tests.LeftPanelTest -->
