<?xml version="1.0" encoding="UTF-8"?>
<!-- Generated by org.testng.reporters.JUnitReportReporter -->
<testsuite hostname="Lenovo-KunalPC" failures="0" tests="1" name="tests.LoginTest" time="4.695" errors="0" timestamp="2025-08-15T18:52:16 IST" skipped="0">
  <testcase classname="tests.LoginTest" name="verifyLoginFunctionality" time="4.695">
    <system-out>
      <![CDATA[User name entered successfully. Admin
Password entered successfully. admin123
Login clicked successfully 
Home page isible successfullytrue]]>
    </system-out>
  </testcase> <!-- verifyLoginFunctionality -->
  <system-out>
    <![CDATA[User name entered successfully. Admin
Password entered successfully. admin123
Login clicked successfully 
Home page isible successfullytrue]]>
  </system-out>
</testsuite> <!-- tests.LoginTest -->
