<?xml version="1.0" encoding="UTF-8"?>
<!-- Generated by org.testng.reporters.JUnitReportReporter -->
<testsuite hostname="Lenovo-KunalPC" failures="0" tests="1" name="testNGExamples.AmazonLaunchingProgram" time="14.458" errors="0" timestamp="2025-08-07T15:14:06 IST" skipped="0">
  <testcase classname="testNGExamples.AmazonLaunchingProgram" name="searchFunctionality" time="14.458"/>
</testsuite> <!-- testNGExamples.AmazonLaunchingProgram -->
