<?xml version="1.0" encoding="UTF-8"?>
<!-- Generated by org.testng.reporters.JUnitReportReporter -->
<testsuite hostname="DESKTOP-NHV86RI" failures="0" tests="23" name="testNGExamples.HRMAdmin_CURD_26" time="117.982" errors="0" timestamp="2025-08-02T15:08:10 IST" skipped="0">
  <testcase classname="testNGExamples.HRMAdmin_CURD_26" name="clickOnAdminLeftPanel" time="1.596">
    <system-out>
      <![CDATA[AdminTab clicked successfully------------> 
AdminPage Get Text Verify Displayed Successfully.Admin
AdminPage Boolean Verify Displayed successfully------------> true]]>
    </system-out>
  </testcase> <!-- clickOnAdminLeftPanel -->
  <testcase classname="testNGExamples.HRMAdmin_CURD_26" name="clickOnAddButton" time="1.544">
    <system-out>
      <![CDATA[Add Button Clicked Successfully.]]>
    </system-out>
  </testcase> <!-- clickOnAddButton -->
  <testcase classname="testNGExamples.HRMAdmin_CURD_26" name="selectUserRoleDD" time="4.174">
    <system-out>
      <![CDATA[Clicked On Select User Role Dropdown.
AdminUser Role Selected Successfully ------> Admin]]>
    </system-out>
  </testcase> <!-- selectUserRoleDD -->
  <testcase classname="testNGExamples.HRMAdmin_CURD_26" name="selectStatusDD" time="4.139">
    <system-out>
      <![CDATA[Clicked On Status Dropdown
EnabledStatus Selected Successfully----> Enabled]]>
    </system-out>
  </testcase> <!-- selectStatusDD -->
  <testcase classname="testNGExamples.HRMAdmin_CURD_26" name="selectEmployeeName" time="8.284">
    <system-out>
      <![CDATA[Select All Text Enabled
Remove All Text Enabled
Type Employee Name ----> a
Employee Name Entered Successfully From List ----> a]]>
    </system-out>
  </testcase> <!-- selectEmployeeName -->
  <testcase classname="testNGExamples.HRMAdmin_CURD_26" name="enterUsername1" time="6.234">
    <system-out>
      <![CDATA[Select All Text----> 
Remove All Text----> 
Username Entered Successfully----> kunal187]]>
    </system-out>
  </testcase> <!-- enterUsername1 -->
  <testcase classname="testNGExamples.HRMAdmin_CURD_26" name="enterPassword1" time="6.215">
    <system-out>
      <![CDATA[Select All Text----> 
Remove All Text----> 
Password Entered Successfully----> Kunal@123]]>
    </system-out>
  </testcase> <!-- enterPassword1 -->
  <testcase classname="testNGExamples.HRMAdmin_CURD_26" name="enterConfirmPassword" time="6.212">
    <system-out>
      <![CDATA[Select All Text----> 
Remove All Text----> 
Confirm Password Entered Successfully----> Kunal@123]]>
    </system-out>
  </testcase> <!-- enterConfirmPassword -->
  <testcase classname="testNGExamples.HRMAdmin_CURD_26" name="clickOnSaveButton" time="5.085">
    <system-out>
      <![CDATA[Click On Save Button Successfully.]]>
    </system-out>
  </testcase> <!-- clickOnSaveButton -->
  <testcase classname="testNGExamples.HRMAdmin_CURD_26" name="searchUserName" time="4.131">
    <system-out>
      <![CDATA[Enter Username In Search Field Successfully.----> kunal187]]>
    </system-out>
  </testcase> <!-- searchUserName -->
  <testcase classname="testNGExamples.HRMAdmin_CURD_26" name="clickOnSearchButton" time="5.140">
    <system-out>
      <![CDATA[Click On Search Button Successfully.
Number of records found in the list. -----> (1) Record Found
User Name Found in Records -----> kunal187]]>
    </system-out>
  </testcase> <!-- clickOnSearchButton -->
  <testcase classname="testNGExamples.HRMAdmin_CURD_26" name="clickOnEditIcon" time="4.496">
    <system-out>
      <![CDATA[Edit icon clicked Successfully.]]>
    </system-out>
  </testcase> <!-- clickOnEditIcon -->
  <testcase classname="testNGExamples.HRMAdmin_CURD_26" name="selectUserRoleDD_2" time="4.143">
    <system-out>
      <![CDATA[Clicked On Select User Role Dropdown.
User Role Selected Successfully From Dropdown------> ESS]]>
    </system-out>
  </testcase> <!-- selectUserRoleDD_2 -->
  <testcase classname="testNGExamples.HRMAdmin_CURD_26" name="selectStatusDD_2" time="4.130">
    <system-out>
      <![CDATA[Clicked On Status Dropdown
Status Selected Successfully From Dropdown----> Disabled]]>
    </system-out>
  </testcase> <!-- selectStatusDD_2 -->
  <testcase classname="testNGExamples.HRMAdmin_CURD_26" name="selectEmployeeName_2" time="8.298">
    <system-out>
      <![CDATA[Select All Text.
Remove All Text.
Type Employee Name ----> l
Employee Name Selected Successfully From List.]]>
    </system-out>
  </testcase> <!-- selectEmployeeName_2 -->
  <testcase classname="testNGExamples.HRMAdmin_CURD_26" name="enterUsername_2" time="4.184">
    <system-out>
      <![CDATA[Select All Text.
Remove All Text.
Username Entered Successfully----> kunal188]]>
    </system-out>
  </testcase> <!-- enterUsername_2 -->
  <testcase classname="testNGExamples.HRMAdmin_CURD_26" name="clickOnCheckBox" time="2.080">
    <system-out>
      <![CDATA[CheckBox icon clicked Successfully.kunal188]]>
    </system-out>
  </testcase> <!-- clickOnCheckBox -->
  <testcase classname="testNGExamples.HRMAdmin_CURD_26" name="enterPassword_2" time="6.168">
    <system-out>
      <![CDATA[Select All Text.
Remove All Text.
Password Entered Successfully-----> Kunal@321]]>
    </system-out>
  </testcase> <!-- enterPassword_2 -->
  <testcase classname="testNGExamples.HRMAdmin_CURD_26" name="enterConfirmPassword_2" time="6.150">
    <system-out>
      <![CDATA[Select All Text.
Remove All Text.
Confirm Password Entered Successfully------>Kunal@321]]>
    </system-out>
  </testcase> <!-- enterConfirmPassword_2 -->
  <testcase classname="testNGExamples.HRMAdmin_CURD_26" name="clickOnSaveButton_2" time="5.071">
    <system-out>
      <![CDATA[Click On Save Button Successfully.]]>
    </system-out>
  </testcase> <!-- clickOnSaveButton_2 -->
  <testcase classname="testNGExamples.HRMAdmin_CURD_26" name="searchUserName_2" time="4.094">
    <system-out>
      <![CDATA[Enter Username In Search Field Successfully.----> kunal188]]>
    </system-out>
  </testcase> <!-- searchUserName_2 -->
  <testcase classname="testNGExamples.HRMAdmin_CURD_26" name="clickOnSearchButton_2" time="8.142">
    <system-out>
      <![CDATA[Click On Search Button Successfully.
Number of records found in the list. -----> (1) Record Found
Updated User Name Found in Records -----> kunal188]]>
    </system-out>
  </testcase> <!-- clickOnSearchButton_2 -->
  <testcase classname="testNGExamples.HRMAdmin_CURD_26" name="clickOnDeleteIcon" time="8.272">
    <system-out>
      <![CDATA[Delete icon clicked Successfully
clicked on yes button.
User is deleted Successfully--------------->true
User is deleted Successfully--------------->true]]>
    </system-out>
  </testcase> <!-- clickOnDeleteIcon -->
  <system-out>
    <![CDATA[open Browser With Login
Login Page Displayed Successfully. -------> Login
Login Page Displayed Successfully. -------> true
Username Entered Successfully. -------> Admin
Password Entered Successfully. -------> admin123
Click On Login Successfully. -------> admin123
Dashobard Page Displayed Successfully. ------> Dashboard
Dashobard Page Displayed Successfully. ------> true
Current Page URL: ------> https://opensource-demo.orangehrmlive.com/web/index.php/dashboard/index
Current Page Title: ------> OrangeHRM
AdminTab clicked successfully------------> 
AdminPage Get Text Verify Displayed Successfully.Admin
AdminPage Boolean Verify Displayed successfully------------> true
Add Button Clicked Successfully.
Clicked On Select User Role Dropdown.
AdminUser Role Selected Successfully ------> Admin
Clicked On Status Dropdown
EnabledStatus Selected Successfully----> Enabled
Select All Text Enabled
Remove All Text Enabled
Type Employee Name ----> a
Employee Name Entered Successfully From List ----> a
Select All Text----> 
Remove All Text----> 
Username Entered Successfully----> kunal187
Select All Text----> 
Remove All Text----> 
Password Entered Successfully----> Kunal@123
Select All Text----> 
Remove All Text----> 
Confirm Password Entered Successfully----> Kunal@123
Click On Save Button Successfully.
Enter Username In Search Field Successfully.----> kunal187
Click On Search Button Successfully.
Number of records found in the list. -----> (1) Record Found
User Name Found in Records -----> kunal187
Edit icon clicked Successfully.
Clicked On Select User Role Dropdown.
User Role Selected Successfully From Dropdown------> ESS
Clicked On Status Dropdown
Status Selected Successfully From Dropdown----> Disabled
Select All Text.
Remove All Text.
Type Employee Name ----> l
Employee Name Selected Successfully From List.
Select All Text.
Remove All Text.
Username Entered Successfully----> kunal188
CheckBox icon clicked Successfully.kunal188
Select All Text.
Remove All Text.
Password Entered Successfully-----> Kunal@321
Select All Text.
Remove All Text.
Confirm Password Entered Successfully------>Kunal@321
Click On Save Button Successfully.
Enter Username In Search Field Successfully.----> kunal188
Click On Search Button Successfully.
Number of records found in the list. -----> (1) Record Found
Updated User Name Found in Records -----> kunal188
Delete icon clicked Successfully
clicked on yes button.
User is deleted Successfully--------------->true
User is deleted Successfully--------------->true
Clicked on profile icon
Clicked on logout link.
Login Page Displayed-------------->true
Browser Closed successfully.]]>
  </system-out>
</testsuite> <!-- testNGExamples.HRMAdmin_CURD_26 -->
