<?xml version="1.0" encoding="UTF-8"?>
<!-- Generated by org.testng.reporters.JUnitReportReporter -->
<testsuite hostname="Lenovo-KunalPC" failures="0" tests="1" name="testNGExamples.LaunchFlipkartFun" time="9.843" errors="0" timestamp="2025-08-13T17:49:41 IST" skipped="0">
  <testcase classname="testNGExamples.LaunchFlipkartFun" name="searchProductFun" time="9.843"/>
</testsuite> <!-- testNGExamples.LaunchFlipkartFun -->
