<?xml version="1.0" encoding="UTF-8"?>
<!-- Generated by org.testng.reporters.JUnitReportReporter -->
<testsuite hostname="DESKTOP-NHV86RI" failures="0" tests="23" name="testNGExamples.HRMAdmin_CURD_26" time="126.009" errors="1" timestamp="2025-08-02T11:24:07 IST" skipped="0">
  <testcase classname="testNGExamples.HRMAdmin_CURD_26" name="clickOnAdminLeftPanel" time="1.500">
    <system-out>
      <![CDATA[AdminTab clicked successfully------------> 
AdminPage Get Text Verify Displayed Successfully.Admin
AdminPage Boolean Verify Displayed successfully------------> true]]>
    </system-out>
  </testcase> <!-- clickOnAdminLeftPanel -->
  <testcase classname="testNGExamples.HRMAdmin_CURD_26" name="clickOnAddButton" time="1.503">
    <system-out>
      <![CDATA[Add Button Clicked Successfully.]]>
    </system-out>
  </testcase> <!-- clickOnAddButton -->
  <testcase classname="testNGExamples.HRMAdmin_CURD_26" name="selectUserRoleDD" time="4.143">
    <system-out>
      <![CDATA[Clicked On Select User Role Dropdown.
AdminUser Role Selected Successfully ------> Admin]]>
    </system-out>
  </testcase> <!-- selectUserRoleDD -->
  <testcase classname="testNGExamples.HRMAdmin_CURD_26" name="selectStatusDD" time="4.146">
    <system-out>
      <![CDATA[Clicked On Status Dropdown
EnabledStatus Selected Successfully----> Enabled]]>
    </system-out>
  </testcase> <!-- selectStatusDD -->
  <testcase classname="testNGExamples.HRMAdmin_CURD_26" name="selectEmployeeName" time="8.294">
    <system-out>
      <![CDATA[Select All Text Enabled
Remove All Text Enabled
Type Employee Name ----> a
Employee Name Entered Successfully From List ----> a]]>
    </system-out>
  </testcase> <!-- selectEmployeeName -->
  <testcase classname="testNGExamples.HRMAdmin_CURD_26" name="enterUsername1" time="6.162">
    <system-out>
      <![CDATA[Select All Text----> 
Remove All Text----> 
Username Entered Successfully----> kunal187]]>
    </system-out>
  </testcase> <!-- enterUsername1 -->
  <testcase classname="testNGExamples.HRMAdmin_CURD_26" name="enterPassword1" time="6.162"/>
  <testcase classname="testNGExamples.HRMAdmin_CURD_26" name="enterConfirmPassword" time="6.213"/>
  <testcase classname="testNGExamples.HRMAdmin_CURD_26" name="clickOnSaveButton" time="5.112"/>
  <testcase classname="testNGExamples.HRMAdmin_CURD_26" name="searchUserName" time="4.074"/>
  <testcase classname="testNGExamples.HRMAdmin_CURD_26" name="clickOnSearchButton" time="8.143"/>
  <testcase classname="testNGExamples.HRMAdmin_CURD_26" name="clickOnEditIcon" time="4.536"/>
  <testcase classname="testNGExamples.HRMAdmin_CURD_26" name="selectUserRoleDD_2" time="4.156">
    <system-out>
      <![CDATA[Clicked On Select User Role Dropdown.]]>
    </system-out>
  </testcase> <!-- selectUserRoleDD_2 -->
  <testcase classname="testNGExamples.HRMAdmin_CURD_26" name="selectStatusDD_2" time="4.113"/>
  <testcase classname="testNGExamples.HRMAdmin_CURD_26" name="selectEmployeeName_2" time="8.190"/>
  <testcase classname="testNGExamples.HRMAdmin_CURD_26" name="enterUsername_2" time="6.200"/>
  <testcase classname="testNGExamples.HRMAdmin_CURD_26" name="clickOnCheckBox" time="2.172"/>
  <testcase classname="testNGExamples.HRMAdmin_CURD_26" name="enterPassword_2" time="6.316"/>
  <testcase classname="testNGExamples.HRMAdmin_CURD_26" name="enterConfirmPassword_2" time="6.348"/>
  <testcase classname="testNGExamples.HRMAdmin_CURD_26" name="clickOnSaveButton_2" time="5.177"/>
  <testcase classname="testNGExamples.HRMAdmin_CURD_26" name="searchUserName_2" time="5.012"/>
  <testcase classname="testNGExamples.HRMAdmin_CURD_26" name="clickOnSearchButton_2" time="8.225"/>
  <testcase classname="testNGExamples.HRMAdmin_CURD_26" name="clickOnDeleteIcon" time="10.112">
    <error message="Expected condition failed: waiting for element to be clickable: By.xpath: //div[text()=&#039;Actions&#039;]//following::button[1] (tried for 10 second(s) with 500 milliseconds interval)
Build info: version: &#039;4.34.0&#039;, revision: &#039;2a4c61c498&#039;
System info: os.name: &#039;Windows 10&#039;, os.arch: &#039;amd64&#039;, os.version: &#039;10.0&#039;, java.version: &#039;21.0.7&#039;
Driver info: org.openqa.selenium.chrome.ChromeDriver
Capabilities {acceptInsecureCerts: false, browserName: chrome, browserVersion: 138.0.7204.170, chrome: {chromedriverVersion: 138.0.7204.183 (e90faf484dd..., userDataDir: C:\Users\DELL\AppData\Local...}, fedcm:accounts: true, goog:chromeOptions: {debuggerAddress: localhost:63461}, networkConnectionEnabled: false, pageLoadStrategy: normal, platformName: windows, proxy: Proxy(), se:cdp: ws://localhost:63461/devtoo..., se:cdpVersion: 138.0.7204.170, setWindowRect: true, strictFileInteractability: false, timeouts: {implicit: 0, pageLoad: 300000, script: 30000}, unhandledPromptBehavior: dismiss and notify, webauthn:extension:credBlob: true, webauthn:extension:largeBlob: true, webauthn:extension:minPinLength: true, webauthn:extension:prf: true, webauthn:virtualAuthenticators: true}
Session ID: ffce50ed5cfeef0f7835f53cc7bbe32f" type="org.openqa.selenium.TimeoutException">
      <![CDATA[org.openqa.selenium.TimeoutException: Expected condition failed: waiting for element to be clickable: By.xpath: //div[text()='Actions']//following::button[1] (tried for 10 second(s) with 500 milliseconds interval)
Build info: version: '4.34.0', revision: '2a4c61c498'
System info: os.name: 'Windows 10', os.arch: 'amd64', os.version: '10.0', java.version: '21.0.7'
Driver info: org.openqa.selenium.chrome.ChromeDriver
Capabilities {acceptInsecureCerts: false, browserName: chrome, browserVersion: 138.0.7204.170, chrome: {chromedriverVersion: 138.0.7204.183 (e90faf484dd..., userDataDir: C:\Users\DELL\AppData\Local...}, fedcm:accounts: true, goog:chromeOptions: {debuggerAddress: localhost:63461}, networkConnectionEnabled: false, pageLoadStrategy: normal, platformName: windows, proxy: Proxy(), se:cdp: ws://localhost:63461/devtoo..., se:cdpVersion: 138.0.7204.170, setWindowRect: true, strictFileInteractability: false, timeouts: {implicit: 0, pageLoad: 300000, script: 30000}, unhandledPromptBehavior: dismiss and notify, webauthn:extension:credBlob: true, webauthn:extension:largeBlob: true, webauthn:extension:minPinLength: true, webauthn:extension:prf: true, webauthn:virtualAuthenticators: true}
Session ID: ffce50ed5cfeef0f7835f53cc7bbe32f
at org.openqa.selenium.support.ui.WebDriverWait.timeoutException(WebDriverWait.java:84)
at org.openqa.selenium.support.ui.FluentWait.until(FluentWait.java:228)
at testNGExamples.HRMAdmin_CURD_26.clickOnDeleteIcon(HRMAdmin_CURD_26.java:416)
at java.base/jdk.internal.reflect.DirectMethodHandleAccessor.invoke(DirectMethodHandleAccessor.java:103)
at java.base/java.lang.reflect.Method.invoke(Method.java:580)
at org.testng.internal.invokers.MethodInvocationHelper.invokeMethod(MethodInvocationHelper.java:141)
at org.testng.internal.invokers.TestInvoker.invokeMethod(TestInvoker.java:687)
at org.testng.internal.invokers.TestInvoker.invokeTestMethod(TestInvoker.java:230)
at org.testng.internal.invokers.MethodRunner.runInSequence(MethodRunner.java:63)
at org.testng.internal.invokers.TestInvoker$MethodInvocationAgent.invoke(TestInvoker.java:995)
at org.testng.internal.invokers.TestInvoker.invokeTestMethods(TestInvoker.java:203)
at org.testng.internal.invokers.TestMethodWorker.invokeTestMethods(TestMethodWorker.java:154)
at org.testng.internal.invokers.TestMethodWorker.run(TestMethodWorker.java:134)
at java.base/java.util.ArrayList.forEach(ArrayList.java:1596)
at org.testng.TestRunner.privateRun(TestRunner.java:741)
at org.testng.TestRunner.run(TestRunner.java:616)
at org.testng.SuiteRunner.runTest(SuiteRunner.java:421)
at org.testng.SuiteRunner.runSequentially(SuiteRunner.java:413)
at org.testng.SuiteRunner.privateRun(SuiteRunner.java:373)
at org.testng.SuiteRunner.run(SuiteRunner.java:312)
at org.testng.SuiteRunnerWorker.runSuite(SuiteRunnerWorker.java:52)
at org.testng.SuiteRunnerWorker.run(SuiteRunnerWorker.java:95)
at org.testng.TestNG.runSuitesSequentially(TestNG.java:1274)
at org.testng.TestNG.runSuitesLocally(TestNG.java:1208)
at org.testng.TestNG.runSuites(TestNG.java:1112)
at org.testng.TestNG.run(TestNG.java:1079)
at org.testng.remote.AbstractRemoteTestNG.run(AbstractRemoteTestNG.java:115)
at org.testng.remote.RemoteTestNG.initAndRun(RemoteTestNG.java:293)
at org.testng.remote.RemoteTestNG.main(RemoteTestNG.java:91)
]]>
    </error>
  </testcase> <!-- clickOnDeleteIcon -->
  <system-out>
    <![CDATA[open Browser With Login
Login Page Displayed Successfully. -------> Login
Login Page Displayed Successfully. -------> true
Username Entered Successfully. -------> Admin
Password Entered Successfully. -------> admin123
Click On Login Successfully. -------> admin123
Dashobard Page Displayed Successfully. ------> Dashboard
Dashobard Page Displayed Successfully. ------> true
Current Page URL: ------> https://opensource-demo.orangehrmlive.com/web/index.php/dashboard/index
Current Page Title: ------> OrangeHRM
AdminTab clicked successfully------------> 
AdminPage Get Text Verify Displayed Successfully.Admin
AdminPage Boolean Verify Displayed successfully------------> true
Add Button Clicked Successfully.
Clicked On Select User Role Dropdown.
AdminUser Role Selected Successfully ------> Admin
Clicked On Status Dropdown
EnabledStatus Selected Successfully----> Enabled
Select All Text Enabled
Remove All Text Enabled
Type Employee Name ----> a
Employee Name Entered Successfully From List ----> a
Select All Text----> 
Remove All Text----> 
Username Entered Successfully----> kunal187
Clicked On Select User Role Dropdown.
Clicked on profile icon
Clicked on logout link.
Login Page Displayed-------------->true
Browser Closed successfully.]]>
  </system-out>
</testsuite> <!-- testNGExamples.HRMAdmin_CURD_26 -->
