<?xml version="1.0" encoding="UTF-8"?>
<!-- Generated by org.testng.reporters.JUnitReportReporter -->
<testsuite hostname="Lenovo-KunalPC" failures="0" tests="2" name="testNGExamples.HRMLoginForScreenshotExample" time="9.359" errors="0" timestamp="2025-08-15T17:25:45 IST" skipped="0">
  <testcase classname="testNGExamples.HRMLoginForScreenshotExample" name="verifyLoginFunwithInvalidpassword" time="4.469"/>
  <testcase classname="testNGExamples.HRMLoginForScreenshotExample" name="verifyLoginFunwithValidpassword" time="4.890"/>
</testsuite> <!-- testNGExamples.HRMLoginForScreenshotExample -->
