<?xml version="1.0" encoding="UTF-8"?>
<!-- Generated by org.testng.reporters.JUnitReportReporter -->
<testsuite hostname="DESKTOP-NHV86RI" failures="0" tests="2" name="testNGExamples.HRMPIM_CURD_27" time="4.315" errors="0" timestamp="2025-08-06T12:11:11 IST" skipped="0">
  <testcase classname="testNGExamples.HRMPIM_CURD_27" name="clickOnPIMLeftPanel" time="1.467">
    <system-out>
      <![CDATA[PIMTab clicked successfully------------> 
PIMPage Get Text Verify Displayed Successfully.PIM
PIMPage Boolean Verify Displayed successfully------------> true]]>
    </system-out>
  </testcase> <!-- clickOnPIMLeftPanel -->
  <testcase classname="testNGExamples.HRMPIM_CURD_27" name="clickOnLeftPanelTab" time="2.848"/>
  <system-out>
    <![CDATA[open Browser With Login
Login Page Displayed Successfully. -------> Login
Login Page Displayed Successfully. -------> true
Username Entered Successfully. -------> Admin
Password Entered Successfully. -------> admin123
Click On Login Successfully. -------> admin123
Dashobard Page Displayed Successfully. ------> Dashboard
Dashobard Page Displayed Successfully. ------> true
Current Page URL: ------> https://opensource-demo.orangehrmlive.com/web/index.php/dashboard/index
Current Page Title: ------> OrangeHRM
PIMTab clicked successfully------------> 
PIMPage Get Text Verify Displayed Successfully.PIM
PIMPage Boolean Verify Displayed successfully------------> true
Clicked on profile icon
Clicked on logout link.
Login Page Displayed-------------->true
Browser Closed successfully.]]>
  </system-out>
</testsuite> <!-- testNGExamples.HRMPIM_CURD_27 -->
